0 info it worked if it ends with ok
1 verbose cli [ 'node', '/usr/local/bin/npm', 'install', '-g', 'laika' ]
2 info using npm@1.4.28
3 info using node@v0.10.32
4 verbose cache add [ 'laika', null ]
5 verbose cache add name=undefined spec="laika" args=["laika",null]
6 verbose parsed url { protocol: null,
6 verbose parsed url   slashes: null,
6 verbose parsed url   auth: null,
6 verbose parsed url   host: null,
6 verbose parsed url   port: null,
6 verbose parsed url   hostname: null,
6 verbose parsed url   hash: null,
6 verbose parsed url   search: null,
6 verbose parsed url   query: null,
6 verbose parsed url   pathname: 'laika',
6 verbose parsed url   path: 'laika',
6 verbose parsed url   href: 'laika' }
7 silly lockFile d2bf258e-laika laika
8 verbose lock laika /Users/ananogal/.npm/d2bf258e-laika.lock
9 silly lockFile d2bf258e-laika laika
10 silly lockFile d2bf258e-laika laika
11 verbose addNamed [ 'laika', '' ]
12 verbose addNamed [ null, '*' ]
13 silly lockFile 6a31d473-laika laika@
14 verbose lock laika@ /Users/ananogal/.npm/6a31d473-laika.lock
15 silly addNameRange { name: 'laika', range: '*', hasData: false }
16 verbose request where is /laika
17 verbose request registry https://registry.npmjs.org/
18 verbose request id 0b5ff53d24ec98ff
19 verbose url raw /laika
20 verbose url resolving [ 'https://registry.npmjs.org/', './laika' ]
21 verbose url resolved https://registry.npmjs.org/laika
22 verbose request where is https://registry.npmjs.org/laika
23 info trying registry request attempt 1 at 21:14:45
24 http GET https://registry.npmjs.org/laika
25 http 200 https://registry.npmjs.org/laika
26 silly registry.get cb [ 200,
26 silly registry.get   { date: 'Tue, 25 Nov 2014 21:14:45 GMT',
26 silly registry.get     server: 'CouchDB/1.5.0 (Erlang OTP/R16B03)',
26 silly registry.get     etag: '"BUVK8A1L49CW5IA4WLEKUA0AF"',
26 silly registry.get     'content-type': 'application/json',
26 silly registry.get     'cache-control': 'max-age=60',
26 silly registry.get     'content-length': '63385',
26 silly registry.get     'accept-ranges': 'bytes',
26 silly registry.get     via: '1.1 varnish',
26 silly registry.get     age: '0',
26 silly registry.get     'x-served-by': 'cache-lcy1125-LCY',
26 silly registry.get     'x-cache': 'MISS',
26 silly registry.get     'x-cache-hits': '0',
26 silly registry.get     'x-timer': 'S1416950085.145524,VS0,VE524',
26 silly registry.get     vary: 'Accept',
26 silly registry.get     'keep-alive': 'timeout=10, max=50',
26 silly registry.get     connection: 'Keep-Alive' } ]
27 silly addNameRange number 2 { name: 'laika', range: '*', hasData: true }
28 silly addNameRange versions [ 'laika',
28 silly addNameRange   [ '0.1.6',
28 silly addNameRange     '0.1.7',
28 silly addNameRange     '0.1.8',
28 silly addNameRange     '0.1.9',
28 silly addNameRange     '0.1.10',
28 silly addNameRange     '0.1.11',
28 silly addNameRange     '0.1.12',
28 silly addNameRange     '0.1.13',
28 silly addNameRange     '0.1.14',
28 silly addNameRange     '0.1.15',
28 silly addNameRange     '0.1.16',
28 silly addNameRange     '0.1.17',
28 silly addNameRange     '0.1.18',
28 silly addNameRange     '0.1.19',
28 silly addNameRange     '0.1.20',
28 silly addNameRange     '0.1.21',
28 silly addNameRange     '0.1.22',
28 silly addNameRange     '0.1.23',
28 silly addNameRange     '0.1.24',
28 silly addNameRange     '0.1.25',
28 silly addNameRange     '0.1.26',
28 silly addNameRange     '0.1.27',
28 silly addNameRange     '0.1.28',
28 silly addNameRange     '0.1.29',
28 silly addNameRange     '0.2.0',
28 silly addNameRange     '0.2.1',
28 silly addNameRange     '0.2.2',
28 silly addNameRange     '0.2.3',
28 silly addNameRange     '0.2.4',
28 silly addNameRange     '0.2.5',
28 silly addNameRange     '0.2.6',
28 silly addNameRange     '0.2.7',
28 silly addNameRange     '0.2.8',
28 silly addNameRange     '0.2.9',
28 silly addNameRange     '0.2.10',
28 silly addNameRange     '0.2.11',
28 silly addNameRange     '0.2.12',
28 silly addNameRange     '0.2.13',
28 silly addNameRange     '0.2.14',
28 silly addNameRange     '0.2.15',
28 silly addNameRange     '0.2.16',
28 silly addNameRange     '0.2.17',
28 silly addNameRange     '0.2.18',
28 silly addNameRange     '0.2.19',
28 silly addNameRange     '0.2.20',
28 silly addNameRange     '0.2.21',
28 silly addNameRange     '0.2.22',
28 silly addNameRange     '0.2.23',
28 silly addNameRange     '0.2.24',
28 silly addNameRange     '0.2.25',
28 silly addNameRange     '0.2.26',
28 silly addNameRange     '0.2.27',
28 silly addNameRange     '0.3.0',
28 silly addNameRange     '0.3.1',
28 silly addNameRange     '0.3.2',
28 silly addNameRange     '0.3.4',
28 silly addNameRange     '0.3.5',
28 silly addNameRange     '0.3.7',
28 silly addNameRange     '0.3.8',
28 silly addNameRange     '0.3.9',
28 silly addNameRange     '0.3.10' ] ]
29 verbose addNamed [ 'laika', '0.3.10' ]
30 verbose addNamed [ '0.3.10', '0.3.10' ]
31 silly lockFile 0b121d65-laika-0-3-10 laika@0.3.10
32 verbose lock laika@0.3.10 /Users/ananogal/.npm/0b121d65-laika-0-3-10.lock
33 silly lockFile ab819dff-npmjs-org-laika-laika-0-3-10-tgz https://registry.npmjs.org/laika/-/laika-0.3.10.tgz
34 verbose lock https://registry.npmjs.org/laika/-/laika-0.3.10.tgz /Users/ananogal/.npm/ab819dff-npmjs-org-laika-laika-0-3-10-tgz.lock
35 verbose addRemoteTarball [ 'https://registry.npmjs.org/laika/-/laika-0.3.10.tgz',
35 verbose addRemoteTarball   '5069838ed451281fe7216ae77f3438b8c2d08433' ]
36 info retry fetch attempt 1 at 21:14:46
37 verbose fetch to= /var/folders/zs/r2n36b6s4td1jl_qpn5sgwjh0000gn/T/npm-6870-HzF9CEjM/registry.npmjs.org/laika/-/laika-0.3.10.tgz
38 http GET https://registry.npmjs.org/laika/-/laika-0.3.10.tgz
39 http 200 https://registry.npmjs.org/laika/-/laika-0.3.10.tgz
40 silly lockFile ab819dff-npmjs-org-laika-laika-0-3-10-tgz https://registry.npmjs.org/laika/-/laika-0.3.10.tgz
41 silly lockFile ab819dff-npmjs-org-laika-laika-0-3-10-tgz https://registry.npmjs.org/laika/-/laika-0.3.10.tgz
42 silly lockFile 0b121d65-laika-0-3-10 laika@0.3.10
43 silly lockFile 0b121d65-laika-0-3-10 laika@0.3.10
44 silly lockFile 6a31d473-laika laika@
45 silly lockFile 6a31d473-laika laika@
46 silly resolved [ { name: 'laika',
46 silly resolved     version: '0.3.10',
46 silly resolved     description: 'end to end testing framework for meteor',
46 silly resolved     dependencies:
46 silly resolved      { handlebars: '1.0.x',
46 silly resolved        mkdirp: '0.3.x',
46 silly resolved        mocha: 'https://github.com/arunoda/mocha/archive/master.tar.gz',
46 silly resolved        'node-phantom': 'https://github.com/arunoda/node-phantom/archive/master.tar.gz',
46 silly resolved        colors: '0.6.x',
46 silly resolved        qbox: '0.1.x',
46 silly resolved        mongodb: '1.3.15',
46 silly resolved        fibers: '1.0.x',
46 silly resolved        commander: '2.0.x',
46 silly resolved        glob: '3.2.3' },
46 silly resolved     bin: { laika: './bin/laika' },
46 silly resolved     scripts: { test: 'mocha -u tdd -R spec -t 5000 --recursive test' },
46 silly resolved     author:
46 silly resolved      { name: 'Arunoda Susiripala',
46 silly resolved        email: 'arunoda.susiripala@gmail.com' },
46 silly resolved     repository: { type: 'git', url: 'git://github.com/arunoda/laika.git' },
46 silly resolved     license: 'MIT',
46 silly resolved     bugs: { url: 'https://github.com/arunoda/laika/issues' },
46 silly resolved     homepage: 'https://github.com/arunoda/laika',
46 silly resolved     _id: 'laika@0.3.10',
46 silly resolved     _shasum: '5069838ed451281fe7216ae77f3438b8c2d08433',
46 silly resolved     _from: 'laika@',
46 silly resolved     _npmVersion: '1.4.14',
46 silly resolved     _npmUser: { name: 'arunoda', email: 'arunoda.susiripala@gmail.com' },
46 silly resolved     maintainers: [ [Object] ],
46 silly resolved     dist:
46 silly resolved      { shasum: '5069838ed451281fe7216ae77f3438b8c2d08433',
46 silly resolved        tarball: 'http://registry.npmjs.org/laika/-/laika-0.3.10.tgz' },
46 silly resolved     directories: {},
46 silly resolved     _resolved: 'https://registry.npmjs.org/laika/-/laika-0.3.10.tgz' } ]
47 info install laika@0.3.10 into /usr/local/lib
48 info installOne laika@0.3.10
49 verbose lib/node_modules/laika unbuild
50 verbose tar unpack /Users/ananogal/.npm/laika/0.3.10/package.tgz
51 silly lockFile 68a871b6-usr-local-lib-node-modules-laika tar:///usr/local/lib/node_modules/laika
52 verbose lock tar:///usr/local/lib/node_modules/laika /Users/ananogal/.npm/68a871b6-usr-local-lib-node-modules-laika.lock
53 silly lockFile aff8b1fa-gal-npm-laika-0-3-10-package-tgz tar:///Users/ananogal/.npm/laika/0.3.10/package.tgz
54 verbose lock tar:///Users/ananogal/.npm/laika/0.3.10/package.tgz /Users/ananogal/.npm/aff8b1fa-gal-npm-laika-0-3-10-package-tgz.lock
55 silly gunzTarPerm modes [ '755', '644' ]
56 error Error: EACCES, mkdir '/usr/local/lib/node_modules/laika'
56 error  { [Error: EACCES, mkdir '/usr/local/lib/node_modules/laika']
56 error   errno: 3,
56 error   code: 'EACCES',
56 error   path: '/usr/local/lib/node_modules/laika',
56 error   fstream_type: 'Directory',
56 error   fstream_path: '/usr/local/lib/node_modules/laika',
56 error   fstream_class: 'DirWriter',
56 error   fstream_stack:
56 error    [ '/usr/local/lib/node_modules/npm/node_modules/fstream/lib/dir-writer.js:36:23',
56 error      '/usr/local/lib/node_modules/npm/node_modules/mkdirp/index.js:46:53',
56 error      'Object.oncomplete (fs.js:107:15)' ] }
57 error Please try running this command again as root/Administrator.
58 error System Darwin 13.4.0
59 error command "node" "/usr/local/bin/npm" "install" "-g" "laika"
60 error cwd /Users/ananogal/Documents/Projects/simple-todos
61 error node -v v0.10.32
62 error npm -v 1.4.28
63 error path /usr/local/lib/node_modules/laika
64 error fstream_path /usr/local/lib/node_modules/laika
65 error fstream_type Directory
66 error fstream_class DirWriter
67 error code EACCES
68 error errno 3
69 error stack Error: EACCES, mkdir '/usr/local/lib/node_modules/laika'
70 error fstream_stack /usr/local/lib/node_modules/npm/node_modules/fstream/lib/dir-writer.js:36:23
70 error fstream_stack /usr/local/lib/node_modules/npm/node_modules/mkdirp/index.js:46:53
70 error fstream_stack Object.oncomplete (fs.js:107:15)
71 verbose exit [ 3, true ]
